        -:    0:Source:C:/Users/popla/CLionProjects/lab2-4/main.c
        -:    0:Graph:C:\Users\popla\CLionProjects\lab2-4\cmake-build-debug-coverage\CMakeFiles\lab2_4.dir\main.c.gcno
        -:    0:Data:C:\Users\popla\CLionProjects\lab2-4\cmake-build-debug-coverage\CMakeFiles\lab2_4.dir\main.c.gcda
        -:    0:Runs:1
        -:    1:#include "ui.h"
        -:    2:
function main called 1 returned 0% blocks executed 67%
        1:    3:int main(void) {
        1:    4:    run();
        1:    4-block  0
call    0 returned 0
        -:    5:}
