        -:    0:Source:C:/Users/popla/CLionProjects/lab2-4/validation.c
        -:    0:Graph:C:\Users\popla\CLionProjects\lab2-4\cmake-build-debug-coverage\CMakeFiles\lab2_4.dir\validation.c.gcno
        -:    0:Data:C:\Users\popla\CLionProjects\lab2-4\cmake-build-debug-coverage\CMakeFiles\lab2_4.dir\validation.c.gcda
        -:    0:Runs:1
        -:    1://
        -:    2:// Created by popla on 12-Mar-25.
        -:    3://
        -:    4:
        -:    5:#include "validation.h"
        -:    6:#include <string.h>
        -:    7:
        -:    8:
function validate_entity called 14 returned 100% blocks executed 100%
       14:    9:int validate_entity(Participant p) {
       14:   10:    if (strlen(p.lastName)== 0)
       14:   10-block  0
branch  0 taken 1 (fallthrough)
branch  1 taken 13
        1:   11:        return 0;
        1:   11-block  0
       13:   12:    if (strlen(p.firstName)== 0)
       13:   12-block  0
branch  0 taken 1 (fallthrough)
branch  1 taken 12
        1:   13:        return 0;
        1:   13-block  0
       12:   14:    if (p.score < 0 || p.score > 100)
       12:   14-block  0
branch  0 taken 12 (fallthrough)
branch  1 taken 0
       12:   14-block  1
branch  2 taken 1 (fallthrough)
branch  3 taken 11
        1:   15:        return 0;
        1:   15-block  0
       11:   16:    return 1;
       11:   16-block  0
        -:   17:}
        -:   18:
function validate_int called 1 returned 100% blocks executed 75%
        1:   19:int validate_int(int poz) {
       1*:   20:    if (poz < 0) return 0;
        1:   20-block  0
branch  0 taken 0 (fallthrough)
branch  1 taken 1
    %%%%%:   20-block  1
        1:   21:    return 1;
        1:   21-block  0
        -:   22:}
