        -:    0:Source:C:/Users/popla/CLionProjects/MovieRentalAppL8/undo.h
        -:    0:Graph:C:\Users\popla\CLionProjects\MovieRentalAppL8\cmake-build-debug-coverage\CMakeFiles\MovieRentalApp.dir\service.cpp.gcno
        -:    0:Data:C:\Users\popla\CLionProjects\MovieRentalAppL8\cmake-build-debug-coverage\CMakeFiles\MovieRentalApp.dir\service.cpp.gcda
        -:    0:Runs:1
        -:    1://
        -:    2:// Created by popla on 24-Apr-25.
        -:    3://
        -:    4:
        -:    5:#ifndef UNDO_H
        -:    6:#define UNDO_H
        -:    7:#include "movie.h"
        -:    8:#include "repository.h"
        -:    9:
        -:   10:class UndoAction {
        -:   11:  public:
        -:   12:    virtual void doUndo() = 0;
       21:   13:    virtual ~UndoAction() = default;
        -:   14:};
        -:   15:
        -:   16:class AddUndo : public UndoAction {
        -:   17:  private:
        -:   18:    Movie movie_;
        -:   19:    MovieRepository& repo;
        -:   20:  public:
       17:   21:    AddUndo(const Movie& movie, MovieRepository& repo) : movie_{movie}, repo{repo} {}
        1:   22:    void doUndo() override {
        1:   23:      repo.deleteMovie(repo.findPosition(movie_.getTitle()));
        1:   24:    }
        -:   25:};
        -:   26:
        -:   27:class DeleteUndo : public UndoAction {
        -:   28:  private:
        -:   29:    Movie movie_;
        -:   30:    MovieRepository& repo;
        -:   31:  public:
        2:   32:    DeleteUndo(const Movie& movie, MovieRepository& repo) : movie_{movie}, repo{repo} {}
        1:   33:    void doUndo() override {
        1:   34:      repo.addMovie(movie_);
        1:   35:    }
        -:   36:};
        -:   37:
        -:   38:class UpdateUndo : public UndoAction {
        -:   39:  private:
        -:   40:    Movie movie_;
        -:   41:    MovieRepository& repo;
        -:   42:  public:
        2:   43:    UpdateUndo(const Movie& movie, MovieRepository& repo) : movie_{movie}, repo{repo} {}
        1:   44:    void doUndo() override {
        1:   45:      repo.deleteMovie(repo.findPosition(movie_.getTitle()));
        1:   46:      repo.addMovie(movie_);
        1:   47:    }
        -:   48:};
        -:   49:
        -:   50:#endif //UNDO_H
